Skipping ' ' which didn't exist, or couldn't be read
Started analysis of Control_1_f1.fq.gz
Approx 5% complete for Control_1_f1.fq.gz
Approx 10% complete for Control_1_f1.fq.gz
Approx 15% complete for Control_1_f1.fq.gz
Approx 20% complete for Control_1_f1.fq.gz
Approx 25% complete for Control_1_f1.fq.gz
Approx 30% complete for Control_1_f1.fq.gz
Approx 35% complete for Control_1_f1.fq.gz
Approx 40% complete for Control_1_f1.fq.gz
Approx 45% complete for Control_1_f1.fq.gz
Approx 50% complete for Control_1_f1.fq.gz
Approx 55% complete for Control_1_f1.fq.gz
Approx 60% complete for Control_1_f1.fq.gz
Approx 65% complete for Control_1_f1.fq.gz
Approx 70% complete for Control_1_f1.fq.gz
Approx 75% complete for Control_1_f1.fq.gz
Approx 80% complete for Control_1_f1.fq.gz
Approx 85% complete for Control_1_f1.fq.gz
Approx 90% complete for Control_1_f1.fq.gz
Approx 95% complete for Control_1_f1.fq.gz
/var/spool/slurmd/job4871189/slurm_script: line 20: /home/mila6004/Genomeanalysis/data/RNAseq_reads/Control_1_r2.fq.gz: Permission denied
/var/spool/slurmd/job4871189/slurm_script: line 21: /home/mila6004/Genomeanalysis/data/RNAseq_reads/Control_2_f1.fq.gz: Permission denied
/var/spool/slurmd/job4871189/slurm_script: line 22: /home/mila6004/Genomeanalysis/data/RNAseq_reads/Control_2_r2.fq.gz: Permission denied
/var/spool/slurmd/job4871189/slurm_script: line 23: /home/mila6004/Genomeanalysis/data/RNAseq_reads/Control_3_f1.fq.gz: Permission denied
/var/spool/slurmd/job4871189/slurm_script: line 24: /home/mila6004/Genomeanalysis/data/RNAseq_reads/Control_3_r2.fq.gz: Permission denied
/var/spool/slurmd/job4871189/slurm_script: line 25: /home/mila6004/Genomeanalysis/data/RNAseq_reads/Heat_treated_42_12h_1_f1.fq.gz: Permission denied
/var/spool/slurmd/job4871189/slurm_script: line 26: /home/mila6004/Genomeanalysis/data/RNAseq_reads/Heat_treated_42_12h_1_r2.fq.gz: Permission denied
/var/spool/slurmd/job4871189/slurm_script: line 27: /home/mila6004/Genomeanalysis/data/RNAseq_reads/Heat_treated_42_12h_2_f1.fq.gz: Permission denied
/var/spool/slurmd/job4871189/slurm_script: line 28: /home/mila6004/Genomeanalysis/data/RNAseq_reads/Heat_treated_42_12h_2_r2.fq.gz: Permission denied
/var/spool/slurmd/job4871189/slurm_script: line 29: /home/mila6004/Genomeanalysis/data/RNAseq_reads/Heat_treated_42_12h_3_f1.fq.gz: Permission denied
/var/spool/slurmd/job4871189/slurm_script: line 30: /home/mila6004/Genomeanalysis/data/RNAseq_reads/Heat_treated_42_12h_3_r2.fq.gz: Permission denied
