application/gzip
application/gzip
application/gzip
application/gzip
application/gzip
application/gzip
application/gzip
application/gzip
application/gzip
application/gzip
application/gzip
application/gzip
Analysis complete for Control_1_f1.fq.gz
Analysis complete for Control_1_r2.fq.gz
Analysis complete for Control_2_f1.fq.gz
Analysis complete for Control_2_r2.fq.gz
Analysis complete for Control_3_f1.fq.gz
Analysis complete for Control_3_r2.fq.gz
Analysis complete for Heat_treated_42_12h_1_f1.fq.gz
Analysis complete for Heat_treated_42_12h_1_r2.fq.gz
Analysis complete for Heat_treated_42_12h_2_f1.fq.gz
Analysis complete for Heat_treated_42_12h_2_r2.fq.gz
Analysis complete for Heat_treated_42_12h_3_f1.fq.gz
Analysis complete for Heat_treated_42_12h_3_r2.fq.gz
