Started analysis of Control_1_f1.fq.gz
Started analysis of Control_1_r2.fq.gz
Approx 5% complete for Control_1_f1.fq.gz
Approx 5% complete for Control_1_r2.fq.gz
Approx 10% complete for Control_1_f1.fq.gz
Approx 10% complete for Control_1_r2.fq.gz
Approx 15% complete for Control_1_f1.fq.gz
Approx 15% complete for Control_1_r2.fq.gz
Approx 20% complete for Control_1_f1.fq.gz
Approx 20% complete for Control_1_r2.fq.gz
Approx 25% complete for Control_1_f1.fq.gz
Approx 25% complete for Control_1_r2.fq.gz
Approx 30% complete for Control_1_f1.fq.gz
Approx 30% complete for Control_1_r2.fq.gz
Approx 35% complete for Control_1_f1.fq.gz
Approx 35% complete for Control_1_r2.fq.gz
Approx 40% complete for Control_1_f1.fq.gz
Approx 40% complete for Control_1_r2.fq.gz
Approx 45% complete for Control_1_f1.fq.gz
Approx 45% complete for Control_1_r2.fq.gz
Approx 50% complete for Control_1_f1.fq.gz
Approx 50% complete for Control_1_r2.fq.gz
Approx 55% complete for Control_1_f1.fq.gz
Approx 55% complete for Control_1_r2.fq.gz
Approx 60% complete for Control_1_f1.fq.gz
Approx 60% complete for Control_1_r2.fq.gz
Approx 65% complete for Control_1_f1.fq.gz
Approx 65% complete for Control_1_r2.fq.gz
Approx 70% complete for Control_1_f1.fq.gz
Approx 70% complete for Control_1_r2.fq.gz
Approx 75% complete for Control_1_f1.fq.gz
Approx 75% complete for Control_1_r2.fq.gz
Approx 80% complete for Control_1_f1.fq.gz
Approx 80% complete for Control_1_r2.fq.gz
Approx 85% complete for Control_1_f1.fq.gz
Approx 85% complete for Control_1_r2.fq.gz
Approx 90% complete for Control_1_f1.fq.gz
Approx 90% complete for Control_1_r2.fq.gz
Approx 95% complete for Control_1_f1.fq.gz
Approx 95% complete for Control_1_r2.fq.gz
Started analysis of Control_2_f1.fq.gz
Started analysis of Control_2_r2.fq.gz
Approx 5% complete for Control_2_f1.fq.gz
Approx 5% complete for Control_2_r2.fq.gz
Approx 10% complete for Control_2_f1.fq.gz
Approx 10% complete for Control_2_r2.fq.gz
Approx 15% complete for Control_2_f1.fq.gz
Approx 15% complete for Control_2_r2.fq.gz
Approx 20% complete for Control_2_f1.fq.gz
Approx 20% complete for Control_2_r2.fq.gz
Approx 25% complete for Control_2_f1.fq.gz
Approx 25% complete for Control_2_r2.fq.gz
Approx 30% complete for Control_2_f1.fq.gz
Approx 30% complete for Control_2_r2.fq.gz
Approx 35% complete for Control_2_f1.fq.gz
Approx 35% complete for Control_2_r2.fq.gz
Approx 40% complete for Control_2_f1.fq.gz
Approx 40% complete for Control_2_r2.fq.gz
Approx 45% complete for Control_2_f1.fq.gz
Approx 45% complete for Control_2_r2.fq.gz
Approx 50% complete for Control_2_f1.fq.gz
Approx 50% complete for Control_2_r2.fq.gz
Approx 55% complete for Control_2_f1.fq.gz
Approx 55% complete for Control_2_r2.fq.gz
Approx 60% complete for Control_2_f1.fq.gz
Approx 60% complete for Control_2_r2.fq.gz
Approx 65% complete for Control_2_f1.fq.gz
Approx 65% complete for Control_2_r2.fq.gz
Approx 70% complete for Control_2_f1.fq.gz
Approx 70% complete for Control_2_r2.fq.gz
Approx 75% complete for Control_2_f1.fq.gz
Approx 75% complete for Control_2_r2.fq.gz
Approx 80% complete for Control_2_f1.fq.gz
Approx 80% complete for Control_2_r2.fq.gz
Approx 85% complete for Control_2_f1.fq.gz
Approx 85% complete for Control_2_r2.fq.gz
Approx 90% complete for Control_2_f1.fq.gz
Approx 90% complete for Control_2_r2.fq.gz
Approx 95% complete for Control_2_f1.fq.gz
Approx 95% complete for Control_2_r2.fq.gz
Started analysis of Control_3_f1.fq.gz
Started analysis of Control_3_r2.fq.gz
Approx 5% complete for Control_3_f1.fq.gz
Approx 5% complete for Control_3_r2.fq.gz
Approx 10% complete for Control_3_f1.fq.gz
Approx 10% complete for Control_3_r2.fq.gz
Approx 15% complete for Control_3_f1.fq.gz
Approx 15% complete for Control_3_r2.fq.gz
Approx 20% complete for Control_3_f1.fq.gz
Approx 20% complete for Control_3_r2.fq.gz
Approx 25% complete for Control_3_f1.fq.gz
Approx 25% complete for Control_3_r2.fq.gz
Approx 30% complete for Control_3_f1.fq.gz
Approx 30% complete for Control_3_r2.fq.gz
Approx 35% complete for Control_3_f1.fq.gz
Approx 35% complete for Control_3_r2.fq.gz
Approx 40% complete for Control_3_f1.fq.gz
Approx 40% complete for Control_3_r2.fq.gz
Approx 45% complete for Control_3_f1.fq.gz
Approx 45% complete for Control_3_r2.fq.gz
Approx 50% complete for Control_3_f1.fq.gz
Approx 50% complete for Control_3_r2.fq.gz
Approx 55% complete for Control_3_f1.fq.gz
Approx 55% complete for Control_3_r2.fq.gz
Approx 60% complete for Control_3_f1.fq.gz
Approx 60% complete for Control_3_r2.fq.gz
Approx 65% complete for Control_3_f1.fq.gz
Approx 65% complete for Control_3_r2.fq.gz
Approx 70% complete for Control_3_f1.fq.gz
Approx 70% complete for Control_3_r2.fq.gz
Approx 75% complete for Control_3_f1.fq.gz
Approx 75% complete for Control_3_r2.fq.gz
Approx 80% complete for Control_3_f1.fq.gz
Approx 80% complete for Control_3_r2.fq.gz
Approx 85% complete for Control_3_f1.fq.gz
Approx 85% complete for Control_3_r2.fq.gz
Approx 90% complete for Control_3_f1.fq.gz
Approx 90% complete for Control_3_r2.fq.gz
Approx 95% complete for Control_3_f1.fq.gz
Approx 95% complete for Control_3_r2.fq.gz
Started analysis of Heat_treated_42_12h_1_f1.fq.gz
Started analysis of Heat_treated_42_12h_1_r2.fq.gz
Approx 5% complete for Heat_treated_42_12h_1_f1.fq.gz
Approx 5% complete for Heat_treated_42_12h_1_r2.fq.gz
Approx 10% complete for Heat_treated_42_12h_1_f1.fq.gz
Approx 10% complete for Heat_treated_42_12h_1_r2.fq.gz
Approx 15% complete for Heat_treated_42_12h_1_f1.fq.gz
Approx 15% complete for Heat_treated_42_12h_1_r2.fq.gz
Approx 20% complete for Heat_treated_42_12h_1_f1.fq.gz
Approx 20% complete for Heat_treated_42_12h_1_r2.fq.gz
Approx 25% complete for Heat_treated_42_12h_1_f1.fq.gz
Approx 25% complete for Heat_treated_42_12h_1_r2.fq.gz
Approx 30% complete for Heat_treated_42_12h_1_f1.fq.gz
Approx 30% complete for Heat_treated_42_12h_1_r2.fq.gz
Approx 35% complete for Heat_treated_42_12h_1_f1.fq.gz
Approx 35% complete for Heat_treated_42_12h_1_r2.fq.gz
Approx 40% complete for Heat_treated_42_12h_1_f1.fq.gz
Approx 40% complete for Heat_treated_42_12h_1_r2.fq.gz
Approx 45% complete for Heat_treated_42_12h_1_f1.fq.gz
Approx 45% complete for Heat_treated_42_12h_1_r2.fq.gz
Approx 50% complete for Heat_treated_42_12h_1_f1.fq.gz
Approx 50% complete for Heat_treated_42_12h_1_r2.fq.gz
Approx 55% complete for Heat_treated_42_12h_1_f1.fq.gz
Approx 55% complete for Heat_treated_42_12h_1_r2.fq.gz
Approx 60% complete for Heat_treated_42_12h_1_f1.fq.gz
Approx 60% complete for Heat_treated_42_12h_1_r2.fq.gz
Approx 65% complete for Heat_treated_42_12h_1_f1.fq.gz
Approx 65% complete for Heat_treated_42_12h_1_r2.fq.gz
Approx 70% complete for Heat_treated_42_12h_1_f1.fq.gz
Approx 70% complete for Heat_treated_42_12h_1_r2.fq.gz
Approx 75% complete for Heat_treated_42_12h_1_f1.fq.gz
Approx 75% complete for Heat_treated_42_12h_1_r2.fq.gz
Approx 80% complete for Heat_treated_42_12h_1_f1.fq.gz
Approx 80% complete for Heat_treated_42_12h_1_r2.fq.gz
Approx 85% complete for Heat_treated_42_12h_1_f1.fq.gz
Approx 85% complete for Heat_treated_42_12h_1_r2.fq.gz
Approx 90% complete for Heat_treated_42_12h_1_f1.fq.gz
Approx 90% complete for Heat_treated_42_12h_1_r2.fq.gz
Approx 95% complete for Heat_treated_42_12h_1_f1.fq.gz
Approx 95% complete for Heat_treated_42_12h_1_r2.fq.gz
Started analysis of Heat_treated_42_12h_2_f1.fq.gz
Started analysis of Heat_treated_42_12h_2_r2.fq.gz
Approx 5% complete for Heat_treated_42_12h_2_f1.fq.gz
Approx 5% complete for Heat_treated_42_12h_2_r2.fq.gz
Approx 10% complete for Heat_treated_42_12h_2_f1.fq.gz
Approx 10% complete for Heat_treated_42_12h_2_r2.fq.gz
Approx 15% complete for Heat_treated_42_12h_2_f1.fq.gz
Approx 15% complete for Heat_treated_42_12h_2_r2.fq.gz
Approx 20% complete for Heat_treated_42_12h_2_f1.fq.gz
Approx 20% complete for Heat_treated_42_12h_2_r2.fq.gz
Approx 25% complete for Heat_treated_42_12h_2_f1.fq.gz
Approx 25% complete for Heat_treated_42_12h_2_r2.fq.gz
Approx 30% complete for Heat_treated_42_12h_2_f1.fq.gz
Approx 30% complete for Heat_treated_42_12h_2_r2.fq.gz
Approx 35% complete for Heat_treated_42_12h_2_f1.fq.gz
Approx 35% complete for Heat_treated_42_12h_2_r2.fq.gz
Approx 40% complete for Heat_treated_42_12h_2_f1.fq.gz
Approx 40% complete for Heat_treated_42_12h_2_r2.fq.gz
Approx 45% complete for Heat_treated_42_12h_2_f1.fq.gz
Approx 45% complete for Heat_treated_42_12h_2_r2.fq.gz
Approx 50% complete for Heat_treated_42_12h_2_f1.fq.gz
Approx 50% complete for Heat_treated_42_12h_2_r2.fq.gz
Approx 55% complete for Heat_treated_42_12h_2_f1.fq.gz
Approx 55% complete for Heat_treated_42_12h_2_r2.fq.gz
Approx 60% complete for Heat_treated_42_12h_2_f1.fq.gz
Approx 60% complete for Heat_treated_42_12h_2_r2.fq.gz
Approx 65% complete for Heat_treated_42_12h_2_f1.fq.gz
Approx 65% complete for Heat_treated_42_12h_2_r2.fq.gz
Approx 70% complete for Heat_treated_42_12h_2_f1.fq.gz
Approx 70% complete for Heat_treated_42_12h_2_r2.fq.gz
Approx 75% complete for Heat_treated_42_12h_2_f1.fq.gz
Approx 75% complete for Heat_treated_42_12h_2_r2.fq.gz
Approx 80% complete for Heat_treated_42_12h_2_f1.fq.gz
Approx 80% complete for Heat_treated_42_12h_2_r2.fq.gz
Approx 85% complete for Heat_treated_42_12h_2_f1.fq.gz
Approx 85% complete for Heat_treated_42_12h_2_r2.fq.gz
Approx 90% complete for Heat_treated_42_12h_2_f1.fq.gz
Approx 90% complete for Heat_treated_42_12h_2_r2.fq.gz
Approx 95% complete for Heat_treated_42_12h_2_f1.fq.gz
Approx 95% complete for Heat_treated_42_12h_2_r2.fq.gz
Started analysis of Heat_treated_42_12h_3_f1.fq.gz
Started analysis of Heat_treated_42_12h_3_r2.fq.gz
Approx 5% complete for Heat_treated_42_12h_3_f1.fq.gz
Approx 5% complete for Heat_treated_42_12h_3_r2.fq.gz
Approx 10% complete for Heat_treated_42_12h_3_f1.fq.gz
Approx 10% complete for Heat_treated_42_12h_3_r2.fq.gz
Approx 15% complete for Heat_treated_42_12h_3_f1.fq.gz
Approx 15% complete for Heat_treated_42_12h_3_r2.fq.gz
Approx 20% complete for Heat_treated_42_12h_3_f1.fq.gz
Approx 20% complete for Heat_treated_42_12h_3_r2.fq.gz
Approx 25% complete for Heat_treated_42_12h_3_f1.fq.gz
Approx 25% complete for Heat_treated_42_12h_3_r2.fq.gz
Approx 30% complete for Heat_treated_42_12h_3_f1.fq.gz
Approx 30% complete for Heat_treated_42_12h_3_r2.fq.gz
Approx 35% complete for Heat_treated_42_12h_3_f1.fq.gz
Approx 35% complete for Heat_treated_42_12h_3_r2.fq.gz
Approx 40% complete for Heat_treated_42_12h_3_f1.fq.gz
Approx 40% complete for Heat_treated_42_12h_3_r2.fq.gz
Approx 45% complete for Heat_treated_42_12h_3_f1.fq.gz
Approx 45% complete for Heat_treated_42_12h_3_r2.fq.gz
Approx 50% complete for Heat_treated_42_12h_3_f1.fq.gz
Approx 50% complete for Heat_treated_42_12h_3_r2.fq.gz
Approx 55% complete for Heat_treated_42_12h_3_f1.fq.gz
Approx 55% complete for Heat_treated_42_12h_3_r2.fq.gz
Approx 60% complete for Heat_treated_42_12h_3_f1.fq.gz
Approx 60% complete for Heat_treated_42_12h_3_r2.fq.gz
Approx 65% complete for Heat_treated_42_12h_3_f1.fq.gz
Approx 65% complete for Heat_treated_42_12h_3_r2.fq.gz
Approx 70% complete for Heat_treated_42_12h_3_f1.fq.gz
Approx 70% complete for Heat_treated_42_12h_3_r2.fq.gz
Approx 75% complete for Heat_treated_42_12h_3_f1.fq.gz
Approx 75% complete for Heat_treated_42_12h_3_r2.fq.gz
Approx 80% complete for Heat_treated_42_12h_3_f1.fq.gz
Approx 80% complete for Heat_treated_42_12h_3_r2.fq.gz
Approx 85% complete for Heat_treated_42_12h_3_f1.fq.gz
Approx 85% complete for Heat_treated_42_12h_3_r2.fq.gz
Approx 90% complete for Heat_treated_42_12h_3_f1.fq.gz
Approx 90% complete for Heat_treated_42_12h_3_r2.fq.gz
Approx 95% complete for Heat_treated_42_12h_3_f1.fq.gz
Approx 95% complete for Heat_treated_42_12h_3_r2.fq.gz
