[2026-04-15 13:26:56] INFO: Starting Flye 2.9.6-b1802
[2026-04-15 13:26:56] INFO: >>>STAGE: configure
[2026-04-15 13:26:56] INFO: Configuring run
[2026-04-15 13:28:03] INFO: Total read length: 6047616726
[2026-04-15 13:28:03] INFO: Input genome size: 40000000
[2026-04-15 13:28:03] INFO: Estimated coverage: 151
[2026-04-15 13:28:03] INFO: Reads N50/N90: 28931 / 10377
[2026-04-15 13:28:03] INFO: Minimum overlap set to 10000
[2026-04-15 13:28:03] INFO: >>>STAGE: assembly
[2026-04-15 13:28:03] INFO: Assembling disjointigs
[2026-04-15 13:28:03] INFO: Reading sequences
[2026-04-15 13:29:00] INFO: Counting k-mers:
0% 10% 20% 30% 40% 50% % % 60% 70% 80% 90% 100% 
[2026-04-15 13:37:15] INFO: Filling index table (1/2)
0% 10% 20% 30% 40% 50% % % 60% 70% 80% 90% 100% 
[2026-04-15 13:54:37] INFO: Filling index table (2/2)
0% 10% 20% 30% 40% 50% 60% 70% 80% 90% 100% 
[2026-04-15 14:19:08] INFO: Extending reads
[2026-04-15 14:27:12] INFO: Overlap-based coverage: 339
[2026-04-15 14:27:12] INFO: Median overlap divergence: 0.081336
0% 10% 40% 50% 60% 80% 90% 100% 
[2026-04-15 17:30:18] INFO: Assembled 27 disjointigs
[2026-04-15 17:30:19] INFO: Generating sequence
0% 10% 20% 30% 40% 50% 60% 70% 80% 90% 100% 
[2026-04-15 17:30:45] INFO: Filtering contained disjointigs
0% 10% 20% 30% 40% 50% 60% 70% 80% 90% 100% 
[2026-04-15 17:30:49] INFO: Contained seqs: 0
[2026-04-15 17:30:50] INFO: >>>STAGE: consensus
[2026-04-15 17:30:50] INFO: Running Minimap2
[2026-04-15 18:03:18] INFO: Computing consensus
[2026-04-15 18:39:48] INFO: Alignment error rate: 0.158042
[2026-04-15 18:39:48] INFO: >>>STAGE: repeat
[2026-04-15 18:39:48] INFO: Building and resolving repeat graph
[2026-04-15 18:39:48] INFO: Parsing disjointigs
[2026-04-15 18:39:48] INFO: Building repeat graph
0% 10% 20% 30% 40% 50% 60% 70% 80% 90% 100% 
[2026-04-15 18:40:02] INFO: Median overlap divergence: 0.0583892
[2026-04-15 18:40:02] INFO: Parsing reads
[2026-04-15 18:41:00] INFO: Aligning reads to the graph
0% 10% 20% 30% 40% 50% 60% 70% 80% 90% 100% 
[2026-04-15 19:07:01] INFO: Aligned read sequence: 5171738932 / 5467940622 (0.945829)
[2026-04-15 19:07:01] INFO: Median overlap divergence: 0.0486903
[2026-04-15 19:07:02] INFO: Mean edge coverage: 325
[2026-04-15 19:07:02] INFO: Simplifying the graph
[2026-04-15 19:07:03] INFO: >>>STAGE: contigger
[2026-04-15 19:07:03] INFO: Generating contigs
[2026-04-15 19:07:03] INFO: Reading sequences
[2026-04-15 19:08:00] INFO: Generated 32 contigs
[2026-04-15 19:08:00] INFO: Added 0 scaffold connections
[2026-04-15 19:08:01] INFO: >>>STAGE: polishing
[2026-04-15 19:08:01] INFO: Polishing genome (1/1)
[2026-04-15 19:08:01] INFO: Running minimap2
[2026-04-15 19:35:06] INFO: Separating alignment into bubbles
[2026-04-15 20:17:03] INFO: Alignment error rate: 0.109528
[2026-04-15 20:17:03] INFO: Correcting bubbles
0% 10% 20% 30% 40% 50% 60% 70% 80% 90% 100% 
[2026-04-16 00:01:10] INFO: >>>STAGE: finalize
[2026-04-16 00:01:10] INFO: Assembly statistics:

	Total length:	11225133
	Fragments:	9
	Fragments N50:	1780704
	Largest frg:	2746011
	Scaffolds:	0
	Mean coverage:	397

[2026-04-16 00:01:10] INFO: Final assembly: /gorilla/home/mila6004/Genomeanalysis/results/2_genome_assembly/flye/assembly.fasta
