000252 68.3 002768 002912 gi|2 009861 010005 gi|30 
000355 77.6 021258 021507 gi|2 027749 027997 gi|6 
001196 76.6 021774 021501 gi|2 026263 026533 gi|18 
000548 83.2 021620 021514 gi|2 035549 035654 gi|18 
000281 75.2 021829 022460 gi|2 028187 028782 gi|6 
000367 81.2 023263 022960 gi|2 027147 027418 gi|8 
000398 71.2 023221 022986 gi|2 005308 005543 gi|17 
000314 78.5 032900 032992 gi|2 007105 007193 gi|13 
000795 84.5 037740 038004 gi|2 011425 011669 gi|11 
000270 81.4 037746 037831 gi|2 037184 037259 gi|11 
001313 84.3 038167 038522 gi|2 011666 011991 gi|11 
000488 75.8 013931 013754 gi|3 040717 040895 gi|4 
000322 83.0 013755 013913 gi|3 037732 037869 gi|11 
000534 81.9 013791 013939 gi|3 001298 001438 gi|8 
000286 70.5 013938 013800 gi|3 039866 039999 gi|13 
000892 70.9 022653 023363 gi|3 036031 036748 gi|11 
001105 78.8 022883 023350 gi|3 019603 020062 gi|25 
000411 80.6 023564 024167 gi|3 020173 020695 gi|25 
000356 77.5 024179 024029 gi|3 038219 038373 gi|22 
000297 79.4 038651 038752 gi|3 031219 031316 gi|22 
000328 77.5 038760 038672 gi|3 002154 002242 gi|18 
006389 94.5 024285 023462 gi|4 003800 004627 gi|16 
031329 94.3 028161 024344 gi|4 000002 003825 gi|16 
001464 80.8 025429 025128 gi|4 025330 025622 gi|11 
000273 79.0 025588 025346 gi|4 002482 002740 gi|9 
000534 71.7 026240 026061 gi|4 025134 025313 gi|11 
001397 76.1 026537 026232 gi|4 023982 024287 gi|11 
000271 76.2 027915 027639 gi|4 000048 000338 gi|9 
002584 73.2 033848 032503 gi|4 035351 036709 gi|9 
000339 75.6 033985 034070 gi|4 026859 026944 gi|9 
000259 89.7 035933 035990 gi|4 004567 004618 gi|16 
000494 73.7 040860 040713 gi|4 001298 001442 gi|8 
000345 78.0 040894 040718 gi|4 037732 037891 gi|11 
000360 72.4 040718 040851 gi|4 039869 039999 gi|13 
000823 74.7 033368 033723 gi|5 008777 009155 gi|25 
000374 73.6 025436 025244 gi|6 031039 031234 gi|21 
002507 87.3 027193 027649 gi|6 018177 018665 gi|23 
001974 89.7 028444 028871 gi|6 019236 019630 gi|23 
000287 81.4 028458 028833 gi|6 004417 004770 gi|30 
000270 72.9 001964 002140 gi|7 027717 027902 gi|26 
000329 74.6 002141 002008 gi|7 030666 030812 gi|21 
000360 82.5 035843 035616 gi|7 025614 025839 gi|14 
000876 76.4 036435 037217 gi|7 020616 021366 gi|13 
000666 77.1 037217 036481 gi|7 009160 009866 gi|19 
000570 83.1 036745 037217 gi|7 023367 023811 gi|23 
000350 86.7 001303 001437 gi|8 037773 037891 gi|11 
000289 70.2 001457 001307 gi|8 039850 039999 gi|13 
000334 79.7 026531 026722 gi|8 010721 010883 gi|11 
000325 77.6 026565 026738 gi|8 005135 005308 gi|17 
000348 85.6 027139 026855 gi|8 038562 038770 gi|18 
000305 68.9 027137 027361 gi|8 005270 005494 gi|17 
000488 72.6 028740 028522 gi|8 024180 024411 gi|30 
000358 73.9 028609 028765 gi|8 023174 023329 gi|20 
000265 76.0 028646 028749 gi|8 018718 018828 gi|21 
000292 79.3 035443 035352 gi|8 035321 035412 gi|16 
000522 83.9 037441 037788 gi|8 038552 038848 gi|18 
000366 78.5 037664 037863 gi|8 012578 012768 gi|27 
000577 74.8 039232 038947 gi|8 028965 029252 gi|12 
000429 73.9 039072 039228 gi|8 029385 029544 gi|12 
000310 75.1 000040 000606 gi|9 000240 000779 gi|16 
000265 65.0 000931 001053 gi|9 000997 001119 gi|16 
000272 89.1 003919 003874 gi|9 027592 027636 gi|11 
056478 98.1 023999 017628 gi|9 007733 014113 gi|10 
000305 76.0 018480 018244 gi|10 028970 029209 gi|16 
000262 76.7 026366 026554 gi|10 038244 038415 gi|23 
000764 77.5 027687 027359 gi|10 023610 023942 gi|14 
000361 81.8 031349 031284 gi|10 025961 026027 gi|11 
002157 82.7 031644 031286 gi|10 023515 023874 gi|27 
001442 81.3 031659 031409 gi|10 025606 025856 gi|11 
000315 83.3 032052 031951 gi|10 031418 031505 gi|18 
000264 73.9 034707 034616 gi|10 005445 005530 gi|27 
000723 73.6 035990 035726 gi|10 004600 004858 gi|27 
000692 72.7 036300 035854 gi|10 004173 004605 gi|27 
001997 76.9 037193 036609 gi|10 003462 004013 gi|27 
000277 79.5 037028 036868 gi|10 003700 003860 gi|27 
002039 84.0 038256 037789 gi|10 012155 012596 gi|16 
000491 72.7 010757 011287 gi|11 005145 005670 gi|17 
000287 81.8 017635 017515 gi|11 035172 035275 gi|19 
000370 81.1 017588 017762 gi|11 002048 002243 gi|18 
001493 79.4 021453 022296 gi|11 024453 025217 gi|19 
000731 80.3 021524 021858 gi|11 019307 019602 gi|25 
001460 76.8 023982 024287 gi|11 001631 001936 gi|16 
000554 71.7 025134 025313 gi|11 001928 002107 gi|16 
001350 78.6 025343 025622 gi|11 002757 003039 gi|16 
001432 84.0 025596 025857 gi|11 023492 023751 gi|27 
000295 76.9 025961 026025 gi|11 023810 023874 gi|27 
000298 81.0 031122 031226 gi|11 004783 004889 gi|30 
000298 75.7 031232 031122 gi|11 020472 020586 gi|23 
000613 74.3 033570 032338 gi|11 011005 012298 gi|30 
000476 75.5 035821 035598 gi|11 020263 020493 gi|23 
000674 75.2 035609 035830 gi|11 004887 005114 gi|30 
000348 72.8 035609 035770 gi|11 007766 007931 gi|30 
000326 73.5 035770 035609 gi|11 022866 023033 gi|23 
000464 73.3 035609 035833 gi|11 027180 027407 gi|18 
000501 76.0 036262 036939 gi|11 019604 020241 gi|25 
000275 77.6 037892 037777 gi|11 039868 039999 gi|13 
000325 74.3 001443 001226 gi|12 013642 013853 gi|21 
000287 76.8 002495 002632 gi|12 015962 016115 gi|21 
000254 83.6 033909 033963 gi|12 038731 038784 gi|23 
000262 75.3 000124 000208 gi|13 019516 019598 gi|15 
000361 76.7 000210 000125 gi|13 015198 015282 gi|20 
000339 75.3 000211 000131 gi|13 024311 024390 gi|30 
000441 73.7 016271 016745 gi|13 035090 035585 gi|30 
000347 72.9 016273 016438 gi|13 011840 012005 gi|17 
000319 75.6 016357 016438 gi|13 028975 029056 gi|16 
000334 75.2 021399 020574 gi|13 009125 009992 gi|19 
000746 78.3 021088 021396 gi|13 023536 023844 gi|23 
000850 88.3 021541 021422 gi|13 005531 005650 gi|26 
000283 72.6 038162 038256 gi|13 017217 017308 gi|21 
000730 78.3 010926 010604 gi|14 023233 023556 gi|23 
000299 79.5 023966 024092 gi|14 009322 009452 gi|25 
000763 76.0 024144 024639 gi|14 009412 009867 gi|25 
000363 78.6 019635 019519 gi|15 024275 024394 gi|30 
000387 77.7 020033 020126 gi|15 023207 023312 gi|20 
000923 73.2 007555 006688 gi|16 005567 006512 gi|26 
001089 79.7 007810 007461 gi|16 004962 005308 gi|26 
001238 76.2 008512 008147 gi|16 004583 004960 gi|26 
000251 79.8 008381 008514 gi|16 007297 007435 gi|27 
000618 82.3 015916 016034 gi|16 019912 020034 gi|20 
000393 77.0 015933 016032 gi|16 013054 013154 gi|19 
000448 71.2 028944 029200 gi|16 011893 012149 gi|17 
000250 78.7 033500 033186 gi|16 003603 003891 gi|17 
000384 75.0 011863 012006 gi|17 035115 035258 gi|30 
000344 77.5 002033 002241 gi|18 018559 018843 gi|21 
000286 77.8 002098 002036 gi|18 038773 038836 gi|20 
000325 74.0 002269 002039 gi|18 034854 035125 gi|22 
000335 79.8 002243 002125 gi|18 031240 031356 gi|22 
001451 78.7 027072 027921 gi|18 004777 005597 gi|30 
000881 74.5 027077 027821 gi|18 007662 008422 gi|30 
002069 78.4 027953 027078 gi|18 019740 020586 gi|23 
001857 76.9 028726 027078 gi|18 021568 023136 gi|23 
000384 78.6 027817 027989 gi|18 008229 008393 gi|30 
002049 78.6 027826 028751 gi|18 005307 006186 gi|30 
000639 75.8 028257 027907 gi|18 019621 020022 gi|23 
000934 72.8 028731 028100 gi|18 026029 026675 gi|26 
001427 74.4 028157 028765 gi|18 013803 014411 gi|30 
002121 82.6 028744 028206 gi|18 017751 018288 gi|23 
000354 73.7 035288 035000 gi|18 021028 021325 gi|27 
000484 83.2 038704 038923 gi|18 012576 012772 gi|27 
000404 76.3 009413 009118 gi|19 023534 023854 gi|23 
000664 75.9 024528 024793 gi|19 019307 019600 gi|25 
000317 77.6 015210 015285 gi|20 024324 024399 gi|30 
000715 87.6 019271 019479 gi|20 036378 036592 gi|24 
000292 77.7 023185 023269 gi|20 018693 018779 gi|21 
000349 78.1 023301 023206 gi|20 024183 024276 gi|30 
000463 78.3 038856 038617 gi|20 018542 018772 gi|21 
000275 73.6 002602 002387 gi|21 014170 014384 gi|30 
000266 82.8 002451 002394 gi|21 015418 015475 gi|30 
000288 71.5 003840 003585 gi|21 004874 005134 gi|30 
000343 79.2 018816 018558 gi|21 024175 024399 gi|30 
000277 76.9 028904 029132 gi|21 009657 009902 gi|23 
000262 67.7 031289 031449 gi|22 024225 024393 gi|30 
000260 74.8 034989 035127 gi|22 011013 011153 gi|28 
000304 81.0 011283 011408 gi|23 006187 006300 gi|24 
000320 74.4 011292 011420 gi|23 007228 007376 gi|27 
000315 86.9 011408 011302 gi|23 022899 022993 gi|24 
001248 74.3 018285 017753 gi|23 013863 014383 gi|30 
001574 83.0 018288 017771 gi|23 005689 006154 gi|30 
001371 69.8 017782 018248 gi|23 026048 026514 gi|26 
000310 78.6 019241 019591 gi|23 004411 004770 gi|30 
001373 74.7 020586 019627 gi|23 004783 005734 gi|30 
000831 76.2 020580 019946 gi|23 007669 008386 gi|30 
000329 81.8 021252 021176 gi|23 002245 002316 gi|29 
003369 89.7 022298 021549 gi|23 013641 014391 gi|30 
001293 77.5 023136 021556 gi|23 004783 006172 gi|30 
000863 70.3 021585 022055 gi|23 026048 026520 gi|26 
003889 84.4 023136 022289 gi|23 007663 008479 gi|30 
002421 84.0 036884 037632 gi|23 004001 004745 gi|29 
000337 70.0 018396 017924 gi|24 008911 009376 gi|30 
000320 83.5 002347 002251 gi|26 007235 007323 gi|27 
000846 75.0 026520 026021 gi|26 013884 014381 gi|30 
001256 77.6 026520 026034 gi|26 005721 006157 gi|30 
000361 71.4 026704 026499 gi|26 005365 005607 gi|30 
000432 77.3 028612 028234 gi|27 004398 004789 gi|30 
