           Time    Speed        Read     Read   Mapped   Mapped   Mapped   Mapped Unmapped Unmapped Unmapped Unmapped
                    M/hr      number   length   unique   length   MMrate    multi   multi+       MM    short    other
Apr 22 08:49:31     16.4      377538      300     0.1%    280.6     1.4%     0.0%     0.0%     0.0%    99.9%     0.0%
Apr 22 08:50:54     22.7     1048025      300     0.1%    285.6     1.3%     0.0%     0.0%     0.0%    99.9%     0.0%
Apr 22 08:52:16     24.9     1716759      300     0.1%    286.0     1.2%     0.0%     0.0%     0.0%    99.9%     0.0%
Apr 22 08:53:39     25.9     2385495      300     0.1%    286.4     1.2%     0.0%     0.0%     0.0%    99.9%     0.0%
Apr 22 08:55:01     26.6     3054234      300     0.1%    286.6     1.2%     0.0%     0.0%     0.0%    99.9%     0.0%
Apr 22 08:56:24     27.0     3722975      300     0.1%    287.1     1.2%     0.0%     0.0%     0.0%    99.9%     0.0%
Apr 22 08:57:46     27.4     4391713      300     0.1%    287.3     1.2%     0.0%     0.0%     0.0%    99.9%     0.0%
Apr 22 08:59:09     27.6     5060447      300     0.1%    287.3     1.2%     0.0%     0.0%     0.0%    99.9%     0.0%
Apr 22 09:00:31     27.8     5729179      300     0.1%    287.4     1.2%     0.0%     0.0%     0.0%    99.9%     0.0%
Apr 22 09:01:53     27.9     6397918      300     0.1%    287.3     1.2%     0.0%     0.0%     0.0%    99.9%     0.0%
Apr 22 09:03:16     28.0     7066654      300     0.1%    287.4     1.2%     0.0%     0.0%     0.0%    99.9%     0.0%
Apr 22 09:04:38     28.1     7735389      300     0.1%    287.4     1.2%     0.0%     0.0%     0.0%    99.9%     0.0%
Apr 22 09:06:01     28.2     8404131      300     0.1%    287.2     1.2%     0.0%     0.0%     0.0%    99.9%     0.0%
Apr 22 09:07:23     28.3     9072869      300     0.1%    287.3     1.2%     0.0%     0.0%     0.0%    99.9%     0.0%
Apr 22 09:08:46     28.3     9741614      300     0.1%    287.4     1.2%     0.0%     0.0%     0.0%    99.9%     0.0%
Apr 22 09:10:08     28.4    10409204      300     0.1%    287.3     1.2%     0.0%     0.0%     0.0%    99.9%     0.0%
Apr 22 09:11:30     28.4    11076067      300     0.1%    287.4     1.2%     0.0%     0.0%     0.0%    99.9%     0.0%
Apr 22 09:12:51     28.5    11742930      300     0.1%    287.3     1.2%     0.0%     0.0%     0.0%    99.9%     0.0%
Apr 22 09:14:14     28.5    12409804      300     0.1%    287.3     1.2%     0.0%     0.0%     0.0%    99.9%     0.0%
Apr 22 09:15:36     28.6    13076660      300     0.1%    287.3     1.2%     0.0%     0.0%     0.0%    99.9%     0.0%
Apr 22 09:16:58     28.6    13743540      300     0.1%    287.4     1.2%     0.0%     0.0%     0.0%    99.9%     0.0%
Apr 22 09:18:20     28.6    14410408      300     0.1%    287.4     1.2%     0.0%     0.0%     0.0%    99.9%     0.0%
Apr 22 09:19:42     28.7    15077277      300     0.1%    287.4     1.2%     0.0%     0.0%     0.0%    99.9%     0.0%
Apr 22 09:21:04     28.7    15744150      300     0.1%    287.5     1.2%     0.0%     0.0%     0.0%    99.9%     0.0%
Apr 22 09:22:26     28.7    16411008      300     0.1%    287.6     1.2%     0.0%     0.0%     0.0%    99.9%     0.0%
Apr 22 09:23:48     28.7    17077876      300     0.1%    287.6     1.2%     0.0%     0.0%     0.0%    99.9%     0.0%
Apr 22 09:25:10     28.7    17744746      300     0.1%    287.6     1.2%     0.0%     0.0%     0.0%    99.9%     0.0%
Apr 22 09:26:32     28.8    18411616      300     0.1%    287.6     1.2%     0.0%     0.0%     0.0%    99.9%     0.0%
Apr 22 09:27:54     28.8    19078478      300     0.1%    287.6     1.2%     0.0%     0.0%     0.0%    99.9%     0.0%
Apr 22 09:29:17     28.8    19745351      300     0.1%    287.5     1.2%     0.0%     0.0%     0.0%    99.9%     0.0%
Apr 22 09:30:38     28.8    20412219      300     0.1%    287.6     1.2%     0.0%     0.0%     0.0%    99.9%     0.0%
Apr 22 09:32:00     28.8    21079102      300     0.1%    287.6     1.2%     0.0%     0.0%     0.0%    99.9%     0.0%
ALL DONE!
