                                 Started job on |	Apr 22 09:32:50
                             Started mapping on |	Apr 22 09:32:50
                                    Finished on |	Apr 22 10:19:21
       Mapping speed, Million of reads per hour |	28.70

                          Number of input reads |	22254075
                      Average input read length |	300
                                    UNIQUE READS:
                   Uniquely mapped reads number |	15182
                        Uniquely mapped reads % |	0.07%
                          Average mapped length |	289.35
                       Number of splices: Total |	13243
            Number of splices: Annotated (sjdb) |	0
                       Number of splices: GT/AG |	13188
                       Number of splices: GC/AG |	39
                       Number of splices: AT/AC |	0
               Number of splices: Non-canonical |	16
                      Mismatch rate per base, % |	0.82%
                         Deletion rate per base |	0.06%
                        Deletion average length |	1.67
                        Insertion rate per base |	0.02%
                       Insertion average length |	1.20
                             MULTI-MAPPING READS:
        Number of reads mapped to multiple loci |	145
             % of reads mapped to multiple loci |	0.00%
        Number of reads mapped to too many loci |	0
             % of reads mapped to too many loci |	0.00%
                                  UNMAPPED READS:
  Number of reads unmapped: too many mismatches |	0
       % of reads unmapped: too many mismatches |	0.00%
            Number of reads unmapped: too short |	22229109
                 % of reads unmapped: too short |	99.89%
                Number of reads unmapped: other |	9639
                     % of reads unmapped: other |	0.04%
                                  CHIMERIC READS:
                       Number of chimeric reads |	0
                            % of chimeric reads |	0.00%
