           Time    Speed        Read     Read   Mapped   Mapped   Mapped   Mapped Unmapped Unmapped Unmapped Unmapped
                    M/hr      number   length   unique   length   MMrate    multi   multi+       MM    short    other
Apr 22 09:34:13     16.4      377534      300     0.1%    288.3     0.8%     0.0%     0.0%     0.0%    99.9%     0.1%
Apr 22 09:35:37     22.6     1048009      300     0.1%    288.6     0.8%     0.0%     0.0%     0.0%    99.9%     0.0%
Apr 22 09:37:01     24.6     1716757      300     0.1%    289.0     0.8%     0.0%     0.0%     0.0%    99.9%     0.0%
Apr 22 09:38:25     25.6     2385494      300     0.1%    288.7     0.8%     0.0%     0.0%     0.0%    99.9%     0.0%
Apr 22 09:39:49     26.2     3054223      300     0.1%    288.6     0.8%     0.0%     0.0%     0.0%    99.9%     0.0%
Apr 22 09:41:13     26.6     3722954      300     0.1%    288.7     0.8%     0.0%     0.0%     0.0%    99.9%     0.0%
Apr 22 09:42:36     27.0     4391704      300     0.1%    288.6     0.8%     0.0%     0.0%     0.0%    99.9%     0.0%
Apr 22 09:44:00     27.2     5060435      300     0.1%    288.7     0.8%     0.0%     0.0%     0.0%    99.9%     0.0%
Apr 22 09:45:24     27.4     5729166      300     0.1%    288.8     0.8%     0.0%     0.0%     0.0%    99.9%     0.0%
Apr 22 09:46:48     27.5     6397905      300     0.1%    288.8     0.8%     0.0%     0.0%     0.0%    99.9%     0.0%
Apr 22 09:48:11     27.6     7066650      300     0.1%    289.0     0.8%     0.0%     0.0%     0.0%    99.9%     0.0%
Apr 22 09:49:34     27.7     7735382      300     0.1%    288.9     0.8%     0.0%     0.0%     0.0%    99.9%     0.0%
Apr 22 09:50:57     27.8     8404127      300     0.1%    289.1     0.8%     0.0%     0.0%     0.0%    99.9%     0.0%
Apr 22 09:52:21     27.9     9072846      300     0.1%    289.1     0.8%     0.0%     0.0%     0.0%    99.9%     0.0%
Apr 22 09:53:44     28.0     9741604      300     0.1%    289.0     0.8%     0.0%     0.0%     0.0%    99.9%     0.0%
Apr 22 09:55:07     28.0    10409198      300     0.1%    289.0     0.8%     0.0%     0.0%     0.0%    99.9%     0.0%
Apr 22 09:56:31     28.1    11076079      300     0.1%    289.1     0.8%     0.0%     0.0%     0.0%    99.9%     0.0%
Apr 22 09:57:53     28.1    11742946      300     0.1%    289.0     0.8%     0.0%     0.0%     0.0%    99.9%     0.0%
Apr 22 09:59:16     28.2    12409810      300     0.1%    289.0     0.8%     0.0%     0.0%     0.0%    99.9%     0.0%
Apr 22 10:00:39     28.2    13076667      300     0.1%    289.1     0.8%     0.0%     0.0%     0.0%    99.9%     0.0%
Apr 22 10:02:02     28.2    13743530      300     0.1%    289.1     0.8%     0.0%     0.0%     0.0%    99.9%     0.0%
Apr 22 10:03:26     28.3    14410405      300     0.1%    289.2     0.8%     0.0%     0.0%     0.0%    99.9%     0.0%
Apr 22 10:04:49     28.3    15077262      300     0.1%    289.2     0.8%     0.0%     0.0%     0.0%    99.9%     0.0%
Apr 22 10:06:11     28.3    15744132      300     0.1%    289.2     0.8%     0.0%     0.0%     0.0%    99.9%     0.0%
Apr 22 10:07:35     28.3    16410986      300     0.1%    289.2     0.8%     0.0%     0.0%     0.0%    99.9%     0.0%
Apr 22 10:08:58     28.4    17077858      300     0.1%    289.2     0.8%     0.0%     0.0%     0.0%    99.9%     0.0%
Apr 22 10:10:21     28.4    17744724      300     0.1%    289.2     0.8%     0.0%     0.0%     0.0%    99.9%     0.0%
Apr 22 10:11:44     28.4    18411592      300     0.1%    289.2     0.8%     0.0%     0.0%     0.0%    99.9%     0.0%
Apr 22 10:13:07     28.4    19078459      300     0.1%    289.2     0.8%     0.0%     0.0%     0.0%    99.9%     0.0%
Apr 22 10:14:30     28.4    19745339      300     0.1%    289.3     0.8%     0.0%     0.0%     0.0%    99.9%     0.0%
Apr 22 10:15:53     28.4    20412204      300     0.1%    289.3     0.8%     0.0%     0.0%     0.0%    99.9%     0.0%
Apr 22 10:17:15     28.5    21079091      300     0.1%    289.4     0.8%     0.0%     0.0%     0.0%    99.9%     0.0%
Apr 22 10:18:38     28.5    21745966      300     0.1%    289.4     0.8%     0.0%     0.0%     0.0%    99.9%     0.0%
ALL DONE!
